<?xml version="1.0" encoding="UTF-8"?>
<!-- Generated by org.testng.reporters.JUnitXMLReporter -->
<testsuite ignored="2" hostname="Sandrashaji" failures="0" tests="2" name="Test" time="12.071" errors="0" timestamp="2025-04-01T08:47:27 IST">
  <testcase classname="testscript.LoginTest" name="verifyWhetherUserCanLoginWithInvalidCredentials" time="1.841"/>
  <testcase classname="testscript.LoginTest" name="verifyWhetherUserCanLoginWithValidUsernameAndInvalidPassword" time="0.644"/>
  <testcase classname="testscript.LoginTest" name="verifyUserCanLoginWithValidCredentials" time="0.0">
    <ignored/>
  </testcase> <!-- verifyUserCanLoginWithValidCredentials -->
  <testcase classname="testscript.LoginTest" name="verifyWhetherUserCanLoginWithInvalidUsernameAndValidPassword" time="0.0">
    <ignored/>
  </testcase> <!-- verifyWhetherUserCanLoginWithInvalidUsernameAndValidPassword -->
</testsuite> <!-- Test -->
