<?xml version="1.0" encoding="UTF-8"?>
<testng-results ignored="0" total="2" passed="2" failed="0" skipped="0">
  <reporter-output>
  </reporter-output>
  <suite started-at="2025-04-09T20:19:23 IST" name="suite" finished-at="2025-04-09T20:19:44 IST" duration-ms="20671">
    <groups>
      <group name="smoke">
        <method signature="LoginTest.verifyWhetherUserCanLoginWithInvalidCredentials(java.lang.String,java.lang.String)[pri:0, instance:testscript.LoginTest@36fc695d]" name="verifyWhetherUserCanLoginWithInvalidCredentials" class="testscript.LoginTest"/>
      </group> <!-- smoke -->
    </groups>
    <test started-at="2025-04-09T20:19:23 IST" name="Test" finished-at="2025-04-09T20:19:44 IST" duration-ms="20671">
      <class name="testscript.LoginTest">
        <test-method is-config="true" signature="initializeBrowser(java.lang.String)[pri:0, instance:testscript.LoginTest@36fc695d]" started-at="2025-04-09T20:19:23 IST" name="initializeBrowser" finished-at="2025-04-09T20:19:39 IST" duration-ms="15263" status="PASS">
          <params>
            <param index="0">
              <value>
                <![CDATA[chrome]]>
              </value>
            </param>
          </params>
          <reporter-output>
          </reporter-output>
        </test-method> <!-- initializeBrowser -->
        <test-method signature="verifyWhetherUserCanLoginWithInvalidCredentials(java.lang.String,java.lang.String)[pri:0, instance:testscript.LoginTest@36fc695d]" started-at="2025-04-09T20:19:39 IST" name="verifyWhetherUserCanLoginWithInvalidCredentials" description="verify whether user is able to successfully login with valid credentials" data-provider="loginProvider" finished-at="2025-04-09T20:19:39 IST" duration-ms="831" status="PASS">
          <params>
            <param index="0">
              <value>
                <![CDATA[admin]]>
              </value>
            </param>
            <param index="1">
              <value>
                <![CDATA[admin12]]>
              </value>
            </param>
          </params>
          <reporter-output>
          </reporter-output>
        </test-method> <!-- verifyWhetherUserCanLoginWithInvalidCredentials -->
        <test-method is-config="true" signature="driverQuit(org.testng.ITestResult)[pri:0, instance:testscript.LoginTest@36fc695d]" started-at="2025-04-09T20:19:39 IST" name="driverQuit" finished-at="2025-04-09T20:19:39 IST" duration-ms="2" status="PASS">
          <params>
            <param index="0">
              <value>
                <![CDATA[[TestResult name=verifyWhetherUserCanLoginWithInvalidCredentials status=SUCCESS method=LoginTest.verifyWhetherUserCanLoginWithInvalidCredentials(java.lang.String,java.lang.String)[pri:0, instance:testscript.LoginTest@36fc695d] output={null}]]]>
              </value>
            </param>
          </params>
          <reporter-output>
          </reporter-output>
        </test-method> <!-- driverQuit -->
        <test-method is-config="true" signature="initializeBrowser(java.lang.String)[pri:0, instance:testscript.LoginTest@36fc695d]" started-at="2025-04-09T20:19:39 IST" name="initializeBrowser" finished-at="2025-04-09T20:19:43 IST" duration-ms="3723" status="PASS">
          <params>
            <param index="0">
              <value>
                <![CDATA[chrome]]>
              </value>
            </param>
          </params>
          <reporter-output>
          </reporter-output>
        </test-method> <!-- initializeBrowser -->
        <test-method signature="verifyWhetherUserCanLoginWithInvalidCredentials(java.lang.String,java.lang.String)[pri:0, instance:testscript.LoginTest@36fc695d]" started-at="2025-04-09T20:19:43 IST" name="verifyWhetherUserCanLoginWithInvalidCredentials" description="verify whether user is able to successfully login with valid credentials" data-provider="loginProvider" finished-at="2025-04-09T20:19:44 IST" duration-ms="737" status="PASS">
          <params>
            <param index="0">
              <value>
                <![CDATA[123]]>
              </value>
            </param>
            <param index="1">
              <value>
                <![CDATA[123]]>
              </value>
            </param>
          </params>
          <reporter-output>
          </reporter-output>
        </test-method> <!-- verifyWhetherUserCanLoginWithInvalidCredentials -->
        <test-method is-config="true" signature="driverQuit(org.testng.ITestResult)[pri:0, instance:testscript.LoginTest@36fc695d]" started-at="2025-04-09T20:19:44 IST" name="driverQuit" finished-at="2025-04-09T20:19:44 IST" duration-ms="0" status="PASS">
          <params>
            <param index="0">
              <value>
                <![CDATA[[TestResult name=verifyWhetherUserCanLoginWithInvalidCredentials status=SUCCESS method=LoginTest.verifyWhetherUserCanLoginWithInvalidCredentials(java.lang.String,java.lang.String)[pri:0, instance:testscript.LoginTest@36fc695d] output={null}]]]>
              </value>
            </param>
          </params>
          <reporter-output>
          </reporter-output>
        </test-method> <!-- driverQuit -->
      </class> <!-- testscript.LoginTest -->
    </test> <!-- Test -->
  </suite> <!-- suite -->
</testng-results>
