<?xml version="1.0" encoding="UTF-8"?>
<!-- Generated by org.testng.reporters.JUnitXMLReporter -->
<testsuite ignored="3" hostname="Sandrashaji" failures="0" tests="2" name="EdgeTest" time="23.205" errors="0" timestamp="2025-04-01T09:56:37 IST">
  <testcase classname="testscript.LoginTest" name="verifyUserCanLoginWithValidCredentials" time="2.465"/>
  <testcase classname="testscript.HomeTest" name="verifyWhetherUserCanLogout" time="1.652"/>
  <testcase classname="testscript.LoginTest" name="verifyWhetherUserCanLoginWithValidUsernameAndInvalidPassword" time="0.0">
    <ignored/>
  </testcase> <!-- verifyWhetherUserCanLoginWithValidUsernameAndInvalidPassword -->
  <testcase classname="testscript.LoginTest" name="verifyWhetherUserCanLoginWithInvalidCredentials" time="0.0">
    <ignored/>
  </testcase> <!-- verifyWhetherUserCanLoginWithInvalidCredentials -->
  <testcase classname="testscript.LoginTest" name="verifyWhetherUserCanLoginWithInvalidUsernameAndValidPassword" time="0.0">
    <ignored/>
  </testcase> <!-- verifyWhetherUserCanLoginWithInvalidUsernameAndValidPassword -->
</testsuite> <!-- EdgeTest -->
