<?xml version="1.0" encoding="UTF-8"?>
<!-- Generated by org.testng.reporters.JUnitXMLReporter -->
<testsuite ignored="3" hostname="Sandrashaji" failures="0" tests="2" name="FirefoxTest" time="78.347" errors="0" timestamp="2025-04-01T09:57:33 IST">
  <testcase classname="testscript.LoginTest" name="verifyUserCanLoginWithValidCredentials" time="0.951"/>
  <testcase classname="testscript.HomeTest" name="verifyWhetherUserCanLogout" time="1.653"/>
  <testcase classname="testscript.LoginTest" name="verifyWhetherUserCanLoginWithValidUsernameAndInvalidPassword" time="0.0">
    <ignored/>
  </testcase> <!-- verifyWhetherUserCanLoginWithValidUsernameAndInvalidPassword -->
  <testcase classname="testscript.LoginTest" name="verifyWhetherUserCanLoginWithInvalidUsernameAndValidPassword" time="0.0">
    <ignored/>
  </testcase> <!-- verifyWhetherUserCanLoginWithInvalidUsernameAndValidPassword -->
  <testcase classname="testscript.LoginTest" name="verifyWhetherUserCanLoginWithInvalidCredentials" time="0.0">
    <ignored/>
  </testcase> <!-- verifyWhetherUserCanLoginWithInvalidCredentials -->
</testsuite> <!-- FirefoxTest -->
