<?xml version="1.0" encoding="UTF-8"?>
<!-- Generated by org.testng.reporters.JUnitXMLReporter -->
<testsuite ignored="3" hostname="Sandrashaji" failures="0" tests="3" name="Test1" time="10.05" errors="0" timestamp="2025-04-01T09:43:30 IST">
  <testcase classname="testscript.LoginTest" name="verifyUserCanLoginWithValidCredentials" time="0.43">
    <skipped/>
  </testcase> <!-- verifyUserCanLoginWithValidCredentials -->
  <testcase classname="testscript.LoginTest" name="verifyUserCanLoginWithValidCredentials" time="1.564"/>
  <testcase classname="testscript.HomeTest" name="verifyWhetherUserCanLogout" time="5.303"/>
  <testcase classname="testscript.LoginTest" name="verifyWhetherUserCanLoginWithInvalidCredentials" time="0.0">
    <ignored/>
  </testcase> <!-- verifyWhetherUserCanLoginWithInvalidCredentials -->
  <testcase classname="testscript.LoginTest" name="verifyWhetherUserCanLoginWithValidUsernameAndInvalidPassword" time="0.0">
    <ignored/>
  </testcase> <!-- verifyWhetherUserCanLoginWithValidUsernameAndInvalidPassword -->
  <testcase classname="testscript.LoginTest" name="verifyWhetherUserCanLoginWithInvalidUsernameAndValidPassword" time="0.0">
    <ignored/>
  </testcase> <!-- verifyWhetherUserCanLoginWithInvalidUsernameAndValidPassword -->
</testsuite> <!-- Test1 -->
